<?xml version="1.0" encoding="UTF-8"?>
<!-- Generated by org.testng.reporters.JUnitReportReporter -->
<testsuite hostname="user-PC" name="com.Testing.DataDriven" tests="2" failures="0" timestamp="1 Nov 2017 17:35:00 GMT" time="12.158" errors="0">
  <testcase name="Register" time="0.623" classname="com.Testing.DataDriven"/>
  <testcase name="NewUserRegistrationForm" time="11.535" classname="com.Testing.DataDriven"/>
</testsuite> <!-- com.Testing.DataDriven -->
