<?xml version="1.0" encoding="UTF-8"?>
<!-- Generated by org.testng.reporters.JUnitReportReporter -->
<testsuite hostname="user-PC" name="day13.TestNGAnnotations1" tests="3" failures="0" timestamp="23 Oct 2017 11:50:43 GMT" time="0.021" errors="0">
  <testcase name="BrowserLaunch" time="0.016" classname="day13.TestNGAnnotations1"/>
  <testcase name="Login" time="0.003" classname="day13.TestNGAnnotations1"/>
  <testcase name="ComposeMail" time="0.002" classname="day13.TestNGAnnotations1"/>
</testsuite> <!-- day13.TestNGAnnotations1 -->
