<?xml version="1.0" encoding="UTF-8"?>
<!-- Generated by org.testng.reporters.JUnitReportReporter -->
<testsuite hostname="user-PC" name="day14.NewTours_Registration_TestNG" tests="2" failures="0" timestamp="24 Oct 2017 00:15:58 GMT" time="5.869" errors="0">
  <testcase name="Register" time="1.085" classname="day14.NewTours_Registration_TestNG"/>
  <testcase name="Register_Details" time="4.784" classname="day14.NewTours_Registration_TestNG"/>
</testsuite> <!-- day14.NewTours_Registration_TestNG -->
