<?xml version="1.0" encoding="UTF-8"?>
<!-- Generated by org.testng.reporters.JUnitReportReporter -->
<testsuite hostname="user-PC" name="practicePkg.TestNG_Practice" tests="2" failures="0" timestamp="25 Oct 2017 16:57:28 GMT" time="5.935" errors="0">
  <testcase name="NewUserRegistration" time="5.441" classname="practicePkg.TestNG_Practice"/>
  <testcase name="Register" time="0.494" classname="practicePkg.TestNG_Practice"/>
</testsuite> <!-- practicePkg.TestNG_Practice -->
