<?xml version="1.0" encoding="UTF-8"?>
<!-- Generated by org.testng.reporters.JUnitReportReporter -->
<testsuite hostname="user-PC" name="day13.NewUserCreation" tests="2" failures="0" timestamp="25 Oct 2017 12:23:21 GMT" time="1.309" errors="0">
  <testcase name="Register" time="0.561" classname="day13.NewUserCreation"/>
  <testcase name="NewUserRegistrationForm" time="0.748" classname="day13.NewUserCreation"/>
</testsuite> <!-- day13.NewUserCreation -->
