<?xml version="1.0" encoding="UTF-8"?>
<!-- Generated by org.testng.reporters.JUnitReportReporter -->
<testsuite hostname="user-PC" name="com.day16_KeyWordDriven.KeyWordDriven_NewTours_Login" tests="1" failures="0" timestamp="25 Oct 2017 20:46:41 GMT" time="4.858" errors="0">
  <testcase name="Login" time="4.858" classname="com.day16_KeyWordDriven.KeyWordDriven_NewTours_Login"/>
</testsuite> <!-- com.day16_KeyWordDriven.KeyWordDriven_NewTours_Login -->
