<?xml version="1.0" encoding="UTF-8"?>
<!-- Generated by org.testng.reporters.JUnitReportReporter -->
<testsuite hostname="user-PC" name="com.day17_POM.NewToursApplictaionHomePage" tests="1" failures="0" timestamp="1 Nov 2017 17:19:30 GMT" time="23.174" errors="0">
  <testcase name="FindAFlight" time="23.174" classname="com.day17_POM.NewToursApplictaionHomePage"/>
</testsuite> <!-- com.day17_POM.NewToursApplictaionHomePage -->
