<?xml version="1.0" encoding="UTF-8"?>
<!-- Generated by org.testng.reporters.JUnitReportReporter -->
<testsuite hostname="user-PC" name="day13.TestNGAnnotations2" tests="2" failures="0" timestamp="23 Oct 2017 12:00:10 GMT" time="0.009" errors="0">
  <testcase name="Login" time="0.002" classname="day13.TestNGAnnotations2"/>
  <testcase name="BrowserLaunch" time="0.007" classname="day13.TestNGAnnotations2"/>
</testsuite> <!-- day13.TestNGAnnotations2 -->
