<?xml version="1.0" encoding="UTF-8"?>
<!-- Generated by org.testng.reporters.JUnitReportReporter -->
<testsuite hostname="user-PC" name="day14.NewTours_Login" tests="1" failures="0" timestamp="23 Oct 2017 23:05:20 GMT" time="9.847" errors="0">
  <testcase name="LoginDetails" time="9.847" classname="day14.NewTours_Login"/>
</testsuite> <!-- day14.NewTours_Login -->
