<?xml version="1.0" encoding="UTF-8"?>
<!-- Generated by org.testng.reporters.JUnitReportReporter -->
<testsuite hostname="user-PC" name="practicePkg.HybridFramework" tests="1" failures="0" timestamp="27 Oct 2017 18:59:09 GMT" time="9.693" errors="0">
  <testcase name="Login" time="9.693" classname="practicePkg.HybridFramework"/>
</testsuite> <!-- practicePkg.HybridFramework -->
