<?xml version="1.0" encoding="UTF-8"?>
<!-- Generated by org.testng.reporters.JUnitReportReporter -->
<testsuite hostname="user-PC" name="TestNGAnnotations3" tests="2" failures="0" timestamp="23 Oct 2017 12:06:58 GMT" time="0.019" errors="0">
  <testcase name="ComposeMail" time="0.010" classname="TestNGAnnotations3"/>
  <testcase name="SendMail" time="0.009" classname="TestNGAnnotations3"/>
</testsuite> <!-- TestNGAnnotations3 -->
