<?xml version="1.0" encoding="UTF-8"?>
<!-- Generated by org.testng.reporters.JUnitReportReporter -->
<testsuite hostname="user-PC" name="com.day15.DataDriven.NewUserCreation" tests="2" failures="0" timestamp="1 Nov 2017 17:30:06 GMT" time="12.545" errors="0">
  <testcase name="NewUserRegistrationForm" time="11.902" classname="com.day15.DataDriven.NewUserCreation"/>
  <testcase name="Register" time="0.643" classname="com.day15.DataDriven.NewUserCreation"/>
</testsuite> <!-- com.day15.DataDriven.NewUserCreation -->
